# JRE version: OpenJDK Runtime Environment Temurin-21.0.1+12 (21.0.1+12) (build 21.0.1+12-LTS)
# Java VM: OpenJDK 64-Bit Server VM Temurin-21.0.1+12 (21.0.1+12-LTS, mixed mode, sharing, tiered, compressed oops, compressed class ptrs, g1 gc, windows-amd64)
GC Precious Log:
 CardTable entry size: 512
 Card Set container configuration: InlinePtr #cards 4 size 8 Array Of Cards #cards 16 size 48 Howl #buckets 8 coarsen threshold 3686 Howl Bitmap #cards 512 size 80 coarsen threshold 460 Card regions per heap region 1 cards per card region 4096
 CPUs: 16 total, 16 available
 Memory: 15613M
 Large Page Support: Disabled
 NUMA Support: Disabled
 Compressed Oops: Enabled (Zero based)
 Heap Region Size: 2M
 Heap Min Capacity: 8M
 Heap Initial Capacity: 244M
 Heap Max Capacity: 3904M
 Pre-touch: Disabled
 Parallel Workers: 13
 Concurrent Workers: 3
 Concurrent Refinement Workers: 13
 Periodic GC: Disabled
Heap:
 garbage-first heap   total 20480K, used 3654K [0x000000070c000000, 0x0000000800000000)
  region size 2048K, 1 young (2048K), 0 survivors (0K)
 Metaspace       used 11599K, committed 11840K, reserved 1114112K
  class space    used 917K, committed 1024K, reserved 1048576K
GC Heap History (6 events):
Event: 1.336 GC heap before
{Heap before GC invocations=0 (full 0):
 garbage-first heap   total 249856K, used 20480K [0x000000070c000000, 0x0000000800000000)
  region size 2048K, 11 young (22528K), 0 survivors (0K)
 Metaspace       used 8727K, committed 8896K, reserved 1114112K
  class space    used 718K, committed 768K, reserved 1048576K
}
Event: 1.340 GC heap after
{Heap after GC invocations=1 (full 0):
 garbage-first heap   total 249856K, used 3379K [0x000000070c000000, 0x0000000800000000)
  region size 2048K, 2 young (4096K), 2 survivors (4096K)
 Metaspace       used 8727K, committed 8896K, reserved 1114112K
  class space    used 718K, committed 768K, reserved 1048576K
}
Event: 5.051 GC heap before
{Heap before GC invocations=1 (full 0):
 garbage-first heap   total 249856K, used 9523K [0x000000070c000000, 0x0000000800000000)
  region size 2048K, 7 young (14336K), 2 survivors (4096K)
 Metaspace       used 11511K, committed 11776K, reserved 1114112K
  class space    used 910K, committed 1024K, reserved 1048576K
}
Event: 5.062 GC heap after
{Heap after GC invocations=2 (full 1):
 garbage-first heap   total 40960K, used 3620K [0x000000070c000000, 0x0000000800000000)
  region size 2048K, 0 young (0K), 0 survivors (0K)
 Metaspace       used 11511K, committed 11776K, reserved 1114112K
  class space    used 910K, committed 1024K, reserved 1048576K
}
Event: 5.081 GC heap before
{Heap before GC invocations=2 (full 1):
 garbage-first heap   total 40960K, used 3620K [0x000000070c000000, 0x0000000800000000)
  region size 2048K, 1 young (2048K), 0 survivors (0K)
 Metaspace       used 11599K, committed 11840K, reserved 1114112K
  class space    used 917K, committed 1024K, reserved 1048576K
}
Event: 5.092 GC heap after
{Heap after GC invocations=3 (full 2):
 garbage-first heap   total 20480K, used 3654K [0x000000070c000000, 0x0000000800000000)
  region size 2048K, 0 young (0K), 0 survivors (0K)
 Metaspace       used 11599K, committed 11840K, reserved 1114112K
  class space    used 917K, committed 1024K, reserved 1048576K
}

